<?xml version="1.0" encoding="UTF-8"?>
<!-- Generated by org.testng.reporters.JUnitReportReporter -->
<testsuite hostname="btohome" name="dlbi_selenium.LoginTest" tests="1" failures="0" timestamp="6 Feb 2016 15:00:09 GMT" time="2.540" errors="0">
  <testcase name="testUntitled" time="2.540" classname="dlbi_selenium.LoginTest"/>
</testsuite> <!-- dlbi_selenium.LoginTest -->
