<?xml version="1.0" encoding="UTF-8"?>
<!-- Generated by org.testng.reporters.JUnitReportReporter -->
<testsuite hostname="btohome" name="dlbi_selenium.HomePageTest" tests="1" failures="0" timestamp="13 Feb 2016 15:00:51 GMT" time="4.663" errors="0">
  <testcase name="addMovieTest" time="4.663" classname="dlbi_selenium.HomePageTest"/>
</testsuite> <!-- dlbi_selenium.HomePageTest -->
