<?xml version="1.0" encoding="UTF-8"?>
<!-- Generated by org.testng.reporters.JUnitReportReporter -->
<testsuite hostname="btohome" name="dlbi_selenium.HomePageTest" tests="2" failures="0" timestamp="6 Feb 2016 14:09:28 GMT" time="0.002" errors="2">
  <testcase name="test2" time="0.002" classname="dlbi_selenium.HomePageTest">
    <error type="org.openqa.selenium.WebDriverException" message="Failed to connect to binary FirefoxBinary(C:\Program Files (x86)\Mozilla Firefox\firefox.exe) on port 7055; process output follows: 
&quot;:{&quot;name&quot;:&quot;FiddlerHook&quot;,&quot;description&quot;:&quot;Integrate Fiddler into Firefox&quot;,&quot;creator&quot;:&quot;Telerik&quot;,&quot;homepageURL&quot;:&quot;https://fiddler2.com/r/?FIDDLERHOOKHELP&quot;},&quot;visible&quot;:true,&quot;active&quot;:false,&quot;userDisabled&quot;:true,&quot;appDisabled&quot;:true,&quot;descriptor&quot;:&quot;C:\\Program Files (x86)\\Fiddler2\\FiddlerHook&quot;,&quot;installDate&quot;:1429966392089,&quot;updateDate&quot;:1429966392089,&quot;applyBackgroundUpdates&quot;:1,&quot;bootstrap&quot;:false,&quot;size&quot;:33877,&quot;sourceURI&quot;:null,&quot;releaseNotesURI&quot;:null,&quot;softDisabled&quot;:false,&quot;foreignInstall&quot;:true,&quot;hasBinaryComponents&quot;:false,&quot;strictCompatibility&quot;:false,&quot;locales&quot;:[],&quot;targetApplications&quot;:[{&quot;id&quot;:&quot;{ec8030f7-c20a-464f-9b0e-13a3a9e97384}&quot;,&quot;minVersion&quot;:&quot;4.0&quot;,&quot;maxVersion&quot;:&quot;37.*&quot;}],&quot;targetPlatforms&quot;:[],&quot;multiprocessCompatible&quot;:false,&quot;signedState&quot;:0}
1454767722972	addons.xpi	DEBUG	Updating XPIState for {&quot;id&quot;:&quot;{C1A2A613-35F1-4FCF-B27F-2840527B6556}&quot;,&quot;syncGUID&quot;:&quot;mzMMZIQyCrK6&quot;,&quot;location&quot;:&quot;winreg-app-global&quot;,&quot;version&quot;:&quot;2016.5.6.90&quot;,&quot;type&quot;:&quot;extension&quot;,&quot;internalName&quot;:null,&quot;updateURL&quot;:null,&quot;updateKey&quot;:null,&quot;optionsURL&quot;:null,&quot;optionsType&quot;:null,&quot;aboutURL&quot;:null,&quot;icons&quot;:{&quot;32&quot;:&quot;icon.png&quot;,&quot;48&quot;:&quot;icon.png&quot;},&quot;iconURL&quot;:null,&quot;icon64URL&quot;:null,&quot;defaultLocale&quot;:{&quot;name&quot;:&quot;Norton Identity Safe&quot;,&quot;description&quot;:&quot;Norton Identity Safe Addon for Firefox&quot;,&quot;creator&quot;:&quot;Symantec Corporation&quot;,&quot;homepageURL&quot;:null},&quot;visible&quot;:true,&quot;active&quot;:false,&quot;userDisabled&quot;:true,&quot;appDisabled&quot;:false,&quot;descriptor&quot;:&quot;C:\\ProgramData\\Norton\\{0C55C096-0F1D-4F28-AAA2-85EF591126E7}\\NIS_22.5.2.15\\coFFAddon&quot;,&quot;installDate&quot;:1454762207238,&quot;updateDate&quot;:1454762207238,&quot;applyBackgroundUpdates&quot;:1,&quot;bootstrap&quot;:true,&quot;size&quot;:2178628,&quot;sourceURI&quot;:null,&quot;releaseNotesURI&quot;:null,&quot;softDisabled&quot;:false,&quot;foreignInstall&quot;:true,&quot;hasBinaryComponents&quot;:false,&quot;strictCompatibility&quot;:false,&quot;locales&quot;:[],&quot;targetApplications&quot;:[{&quot;id&quot;:&quot;{ec8030f7-c20a-464f-9b0e-13a3a9e97384}&quot;,&quot;minVersion&quot;:&quot;38.0a1&quot;,&quot;maxVersion&quot;:&quot;43.0&quot;}],&quot;targetPlatforms&quot;:[],&quot;multiprocessCompatible&quot;:false,&quot;signedState&quot;:2}
1454767722972	DeferredSave.extensions.json	DEBUG	Save changes
1454767722972	addons.xpi	DEBUG	Updating database with changes to installed add-ons
1454767722972	addons.xpi-utils	DEBUG	Updating add-on states
1454767722973	addons.xpi-utils	DEBUG	Writing add-ons list
1454767722976	addons.manager	DEBUG	Registering shutdown blocker for XPIProvider
1454767722976	addons.manager	DEBUG	Provider finished startup: XPIProvider
1454767722976	addons.manager	DEBUG	Starting provider: LightweightThemeManager
1454767722976	addons.manager	DEBUG	Registering shutdown blocker for LightweightThemeManager
1454767722976	addons.manager	DEBUG	Provider finished startup: LightweightThemeManager
1454767722977	addons.manager	DEBUG	Starting provider: GMPProvider
1454767722980	addons.manager	DEBUG	Registering shutdown blocker for GMPProvider
1454767722980	addons.manager	DEBUG	Provider finished startup: GMPProvider
1454767722980	addons.manager	DEBUG	Starting provider: PluginProvider
1454767722981	addons.manager	DEBUG	Registering shutdown blocker for PluginProvider
1454767722981	addons.manager	DEBUG	Provider finished startup: PluginProvider
1454767722981	addons.manager	DEBUG	Completed startup sequence
1454767723198	addons.manager	DEBUG	Starting provider: &lt;unnamed-provider&gt;
1454767723198	addons.manager	DEBUG	Registering shutdown blocker for &lt;unnamed-provider&gt;
1454767723198	addons.manager	DEBUG	Provider finished startup: &lt;unnamed-provider&gt;
1454767723368	DeferredSave.extensions.json	DEBUG	Starting timer
1454767723396	DeferredSave.extensions.json	DEBUG	Starting write
1454767723462	addons.repository	DEBUG	No addons.json found.
1454767723463	DeferredSave.addons.json	DEBUG	Save changes
1454767723464	DeferredSave.addons.json	DEBUG	Starting timer
1454767723473	addons.manager	DEBUG	Starting provider: PreviousExperimentProvider
1454767723473	addons.manager	DEBUG	Registering shutdown blocker for PreviousExperimentProvider
1454767723473	addons.manager	DEBUG	Provider finished startup: PreviousExperimentProvider
1454767723484	DeferredSave.extensions.json	DEBUG	Write succeeded
1454767723524	DeferredSave.addons.json	DEBUG	Starting write
1454767723532	DeferredSave.addons.json	DEBUG	Write succeeded

Build info: version: &#039;2.46.0&#039;, revision: &#039;61506a4624b13675f24581e453592342b7485d71&#039;, time: &#039;2015-06-04 10:22:50&#039;
System info: host: &#039;btohome&#039;, ip: &#039;192.168.178.20&#039;, os.name: &#039;Windows 8.1&#039;, os.arch: &#039;amd64&#039;, os.version: &#039;6.3&#039;, java.version: &#039;1.8.0_73&#039;
Driver info: driver.version: FirefoxDriver">
      <![CDATA[org.openqa.selenium.WebDriverException: Failed to connect to binary FirefoxBinary(C:\Program Files (x86)\Mozilla Firefox\firefox.exe) on port 7055; process output follows: 
":{"name":"FiddlerHook","description":"Integrate Fiddler into Firefox","creator":"Telerik","homepageURL":"https://fiddler2.com/r/?FIDDLERHOOKHELP"},"visible":true,"active":false,"userDisabled":true,"appDisabled":true,"descriptor":"C:\\Program Files (x86)\\Fiddler2\\FiddlerHook","installDate":1429966392089,"updateDate":1429966392089,"applyBackgroundUpdates":1,"bootstrap":false,"size":33877,"sourceURI":null,"releaseNotesURI":null,"softDisabled":false,"foreignInstall":true,"hasBinaryComponents":false,"strictCompatibility":false,"locales":[],"targetApplications":[{"id":"{ec8030f7-c20a-464f-9b0e-13a3a9e97384}","minVersion":"4.0","maxVersion":"37.*"}],"targetPlatforms":[],"multiprocessCompatible":false,"signedState":0}
1454767722972	addons.xpi	DEBUG	Updating XPIState for {"id":"{C1A2A613-35F1-4FCF-B27F-2840527B6556}","syncGUID":"mzMMZIQyCrK6","location":"winreg-app-global","version":"2016.5.6.90","type":"extension","internalName":null,"updateURL":null,"updateKey":null,"optionsURL":null,"optionsType":null,"aboutURL":null,"icons":{"32":"icon.png","48":"icon.png"},"iconURL":null,"icon64URL":null,"defaultLocale":{"name":"Norton Identity Safe","description":"Norton Identity Safe Addon for Firefox","creator":"Symantec Corporation","homepageURL":null},"visible":true,"active":false,"userDisabled":true,"appDisabled":false,"descriptor":"C:\\ProgramData\\Norton\\{0C55C096-0F1D-4F28-AAA2-85EF591126E7}\\NIS_22.5.2.15\\coFFAddon","installDate":1454762207238,"updateDate":1454762207238,"applyBackgroundUpdates":1,"bootstrap":true,"size":2178628,"sourceURI":null,"releaseNotesURI":null,"softDisabled":false,"foreignInstall":true,"hasBinaryComponents":false,"strictCompatibility":false,"locales":[],"targetApplications":[{"id":"{ec8030f7-c20a-464f-9b0e-13a3a9e97384}","minVersion":"38.0a1","maxVersion":"43.0"}],"targetPlatforms":[],"multiprocessCompatible":false,"signedState":2}
1454767722972	DeferredSave.extensions.json	DEBUG	Save changes
1454767722972	addons.xpi	DEBUG	Updating database with changes to installed add-ons
1454767722972	addons.xpi-utils	DEBUG	Updating add-on states
1454767722973	addons.xpi-utils	DEBUG	Writing add-ons list
1454767722976	addons.manager	DEBUG	Registering shutdown blocker for XPIProvider
1454767722976	addons.manager	DEBUG	Provider finished startup: XPIProvider
1454767722976	addons.manager	DEBUG	Starting provider: LightweightThemeManager
1454767722976	addons.manager	DEBUG	Registering shutdown blocker for LightweightThemeManager
1454767722976	addons.manager	DEBUG	Provider finished startup: LightweightThemeManager
1454767722977	addons.manager	DEBUG	Starting provider: GMPProvider
1454767722980	addons.manager	DEBUG	Registering shutdown blocker for GMPProvider
1454767722980	addons.manager	DEBUG	Provider finished startup: GMPProvider
1454767722980	addons.manager	DEBUG	Starting provider: PluginProvider
1454767722981	addons.manager	DEBUG	Registering shutdown blocker for PluginProvider
1454767722981	addons.manager	DEBUG	Provider finished startup: PluginProvider
1454767722981	addons.manager	DEBUG	Completed startup sequence
1454767723198	addons.manager	DEBUG	Starting provider: <unnamed-provider>
1454767723198	addons.manager	DEBUG	Registering shutdown blocker for <unnamed-provider>
1454767723198	addons.manager	DEBUG	Provider finished startup: <unnamed-provider>
1454767723368	DeferredSave.extensions.json	DEBUG	Starting timer
1454767723396	DeferredSave.extensions.json	DEBUG	Starting write
1454767723462	addons.repository	DEBUG	No addons.json found.
1454767723463	DeferredSave.addons.json	DEBUG	Save changes
1454767723464	DeferredSave.addons.json	DEBUG	Starting timer
1454767723473	addons.manager	DEBUG	Starting provider: PreviousExperimentProvider
1454767723473	addons.manager	DEBUG	Registering shutdown blocker for PreviousExperimentProvider
1454767723473	addons.manager	DEBUG	Provider finished startup: PreviousExperimentProvider
1454767723484	DeferredSave.extensions.json	DEBUG	Write succeeded
1454767723524	DeferredSave.addons.json	DEBUG	Starting write
1454767723532	DeferredSave.addons.json	DEBUG	Write succeeded

Build info: version: '2.46.0', revision: '61506a4624b13675f24581e453592342b7485d71', time: '2015-06-04 10:22:50'
System info: host: 'btohome', ip: '192.168.178.20', os.name: 'Windows 8.1', os.arch: 'amd64', os.version: '6.3', java.version: '1.8.0_73'
Driver info: driver.version: FirefoxDriver
	at org.openqa.selenium.firefox.internal.NewProfileExtensionConnection.start(NewProfileExtensionConnection.java:132)
	at org.openqa.selenium.firefox.FirefoxDriver.startClient(FirefoxDriver.java:275)
	at org.openqa.selenium.remote.RemoteWebDriver.<init>(RemoteWebDriver.java:116)
	at org.openqa.selenium.firefox.FirefoxDriver.<init>(FirefoxDriver.java:220)
	at org.openqa.selenium.firefox.FirefoxDriver.<init>(FirefoxDriver.java:215)
	at org.openqa.selenium.firefox.FirefoxDriver.<init>(FirefoxDriver.java:132)
	at ru.stqa.selenium.factory.WebDriverFactoryInternal.createLocalDriver(WebDriverFactoryInternal.java:74)
	at ru.stqa.selenium.factory.WebDriverFactoryInternal.newDriver(WebDriverFactoryInternal.java:58)
	at ru.stqa.selenium.factory.ThreadLocalSingletonStorage.createNewDriver(ThreadLocalSingletonStorage.java:91)
	at ru.stqa.selenium.factory.ThreadLocalSingletonStorage.getDriver(ThreadLocalSingletonStorage.java:36)
	at ru.stqa.selenium.factory.WebDriverFactoryInternal.getDriver(WebDriverFactoryInternal.java:49)
	at ru.stqa.selenium.factory.WebDriverFactory.getDriver(WebDriverFactory.java:39)
	at dlbi_selenium.TestBase.init(TestBase.java:42)
	at sun.reflect.NativeMethodAccessorImpl.invoke0(Native Method)
	at sun.reflect.NativeMethodAccessorImpl.invoke(NativeMethodAccessorImpl.java:62)
	at sun.reflect.DelegatingMethodAccessorImpl.invoke(DelegatingMethodAccessorImpl.java:43)
	at java.lang.reflect.Method.invoke(Method.java:497)
	at org.testng.internal.MethodInvocationHelper.invokeMethod(MethodInvocationHelper.java:85)
	at org.testng.internal.Invoker.invokeConfigurationMethod(Invoker.java:517)
	at org.testng.internal.Invoker.invokeConfigurations(Invoker.java:213)
	at org.testng.internal.Invoker.invokeConfigurations(Invoker.java:140)
	at org.testng.internal.TestMethodWorker.invokeBeforeClassMethods(TestMethodWorker.java:170)
	at org.testng.internal.TestMethodWorker.run(TestMethodWorker.java:104)
	at org.testng.TestRunner.privateRun(TestRunner.java:771)
	at org.testng.TestRunner.run(TestRunner.java:621)
	at org.testng.SuiteRunner.runTest(SuiteRunner.java:357)
	at org.testng.SuiteRunner.runSequentially(SuiteRunner.java:352)
	at org.testng.SuiteRunner.privateRun(SuiteRunner.java:310)
	at org.testng.SuiteRunner.run(SuiteRunner.java:259)
	at org.testng.SuiteRunnerWorker.runSuite(SuiteRunnerWorker.java:52)
	at org.testng.SuiteRunnerWorker.run(SuiteRunnerWorker.java:86)
	at org.testng.TestNG.runSuitesSequentially(TestNG.java:1199)
	at org.testng.TestNG.runSuitesLocally(TestNG.java:1124)
	at org.testng.TestNG.run(TestNG.java:1032)
	at org.apache.maven.surefire.testng.TestNGExecutor.run(TestNGExecutor.java:217)
	at org.apache.maven.surefire.testng.TestNGXmlTestSuite.execute(TestNGXmlTestSuite.java:84)
	at org.apache.maven.surefire.testng.TestNGProvider.invoke(TestNGProvider.java:92)
	at org.apache.maven.surefire.booter.ForkedBooter.invokeProviderInSameClassLoader(ForkedBooter.java:200)
	at org.apache.maven.surefire.booter.ForkedBooter.runSuitesInProcess(ForkedBooter.java:153)
	at org.apache.maven.surefire.booter.ForkedBooter.main(ForkedBooter.java:103)
Caused by: org.openqa.selenium.firefox.NotConnectedException: Unable to connect to host 127.0.0.1 on port 7055 after 45000 ms. Firefox console output:
":{"name":"FiddlerHook","description":"Integrate Fiddler into Firefox","creator":"Telerik","homepageURL":"https://fiddler2.com/r/?FIDDLERHOOKHELP"},"visible":true,"active":false,"userDisabled":true,"appDisabled":true,"descriptor":"C:\\Program Files (x86)\\Fiddler2\\FiddlerHook","installDate":1429966392089,"updateDate":1429966392089,"applyBackgroundUpdates":1,"bootstrap":false,"size":33877,"sourceURI":null,"releaseNotesURI":null,"softDisabled":false,"foreignInstall":true,"hasBinaryComponents":false,"strictCompatibility":false,"locales":[],"targetApplications":[{"id":"{ec8030f7-c20a-464f-9b0e-13a3a9e97384}","minVersion":"4.0","maxVersion":"37.*"}],"targetPlatforms":[],"multiprocessCompatible":false,"signedState":0}
1454767722972	addons.xpi	DEBUG	Updating XPIState for {"id":"{C1A2A613-35F1-4FCF-B27F-2840527B6556}","syncGUID":"mzMMZIQyCrK6","location":"winreg-app-global","version":"2016.5.6.90","type":"extension","internalName":null,"updateURL":null,"updateKey":null,"optionsURL":null,"optionsType":null,"aboutURL":null,"icons":{"32":"icon.png","48":"icon.png"},"iconURL":null,"icon64URL":null,"defaultLocale":{"name":"Norton Identity Safe","description":"Norton Identity Safe Addon for Firefox","creator":"Symantec Corporation","homepageURL":null},"visible":true,"active":false,"userDisabled":true,"appDisabled":false,"descriptor":"C:\\ProgramData\\Norton\\{0C55C096-0F1D-4F28-AAA2-85EF591126E7}\\NIS_22.5.2.15\\coFFAddon","installDate":1454762207238,"updateDate":1454762207238,"applyBackgroundUpdates":1,"bootstrap":true,"size":2178628,"sourceURI":null,"releaseNotesURI":null,"softDisabled":false,"foreignInstall":true,"hasBinaryComponents":false,"strictCompatibility":false,"locales":[],"targetApplications":[{"id":"{ec8030f7-c20a-464f-9b0e-13a3a9e97384}","minVersion":"38.0a1","maxVersion":"43.0"}],"targetPlatforms":[],"multiprocessCompatible":false,"signedState":2}
1454767722972	DeferredSave.extensions.json	DEBUG	Save changes
1454767722972	addons.xpi	DEBUG	Updating database with changes to installed add-ons
1454767722972	addons.xpi-utils	DEBUG	Updating add-on states
1454767722973	addons.xpi-utils	DEBUG	Writing add-ons list
1454767722976	addons.manager	DEBUG	Registering shutdown blocker for XPIProvider
1454767722976	addons.manager	DEBUG	Provider finished startup: XPIProvider
1454767722976	addons.manager	DEBUG	Starting provider: LightweightThemeManager
1454767722976	addons.manager	DEBUG	Registering shutdown blocker for LightweightThemeManager
1454767722976	addons.manager	DEBUG	Provider finished startup: LightweightThemeManager
1454767722977	addons.manager	DEBUG	Starting provider: GMPProvider
1454767722980	addons.manager	DEBUG	Registering shutdown blocker for GMPProvider
1454767722980	addons.manager	DEBUG	Provider finished startup: GMPProvider
1454767722980	addons.manager	DEBUG	Starting provider: PluginProvider
1454767722981	addons.manager	DEBUG	Registering shutdown blocker for PluginProvider
1454767722981	addons.manager	DEBUG	Provider finished startup: PluginProvider
1454767722981	addons.manager	DEBUG	Completed startup sequence
1454767723198	addons.manager	DEBUG	Starting provider: <unnamed-provider>
1454767723198	addons.manager	DEBUG	Registering shutdown blocker for <unnamed-provider>
1454767723198	addons.manager	DEBUG	Provider finished startup: <unnamed-provider>
1454767723368	DeferredSave.extensions.json	DEBUG	Starting timer
1454767723396	DeferredSave.extensions.json	DEBUG	Starting write
1454767723462	addons.repository	DEBUG	No addons.json found.
1454767723463	DeferredSave.addons.json	DEBUG	Save changes
1454767723464	DeferredSave.addons.json	DEBUG	Starting timer
1454767723473	addons.manager	DEBUG	Starting provider: PreviousExperimentProvider
1454767723473	addons.manager	DEBUG	Registering shutdown blocker for PreviousExperimentProvider
1454767723473	addons.manager	DEBUG	Provider finished startup: PreviousExperimentProvider
1454767723484	DeferredSave.extensions.json	DEBUG	Write succeeded
1454767723524	DeferredSave.addons.json	DEBUG	Starting write
1454767723532	DeferredSave.addons.json	DEBUG	Write succeeded

	at org.openqa.selenium.firefox.internal.NewProfileExtensionConnection.start(NewProfileExtensionConnection.java:120)
	... 39 more
]]>
    </error>
  </testcase> <!-- test2 -->
  <testcase name="testH1Existing" time="0.000" classname="dlbi_selenium.HomePageTest">
    <error type="org.openqa.selenium.WebDriverException" message="Failed to connect to binary FirefoxBinary(C:\Program Files (x86)\Mozilla Firefox\firefox.exe) on port 7055; process output follows: 
&quot;:{&quot;name&quot;:&quot;FiddlerHook&quot;,&quot;description&quot;:&quot;Integrate Fiddler into Firefox&quot;,&quot;creator&quot;:&quot;Telerik&quot;,&quot;homepageURL&quot;:&quot;https://fiddler2.com/r/?FIDDLERHOOKHELP&quot;},&quot;visible&quot;:true,&quot;active&quot;:false,&quot;userDisabled&quot;:true,&quot;appDisabled&quot;:true,&quot;descriptor&quot;:&quot;C:\\Program Files (x86)\\Fiddler2\\FiddlerHook&quot;,&quot;installDate&quot;:1429966392089,&quot;updateDate&quot;:1429966392089,&quot;applyBackgroundUpdates&quot;:1,&quot;bootstrap&quot;:false,&quot;size&quot;:33877,&quot;sourceURI&quot;:null,&quot;releaseNotesURI&quot;:null,&quot;softDisabled&quot;:false,&quot;foreignInstall&quot;:true,&quot;hasBinaryComponents&quot;:false,&quot;strictCompatibility&quot;:false,&quot;locales&quot;:[],&quot;targetApplications&quot;:[{&quot;id&quot;:&quot;{ec8030f7-c20a-464f-9b0e-13a3a9e97384}&quot;,&quot;minVersion&quot;:&quot;4.0&quot;,&quot;maxVersion&quot;:&quot;37.*&quot;}],&quot;targetPlatforms&quot;:[],&quot;multiprocessCompatible&quot;:false,&quot;signedState&quot;:0}
1454767722972	addons.xpi	DEBUG	Updating XPIState for {&quot;id&quot;:&quot;{C1A2A613-35F1-4FCF-B27F-2840527B6556}&quot;,&quot;syncGUID&quot;:&quot;mzMMZIQyCrK6&quot;,&quot;location&quot;:&quot;winreg-app-global&quot;,&quot;version&quot;:&quot;2016.5.6.90&quot;,&quot;type&quot;:&quot;extension&quot;,&quot;internalName&quot;:null,&quot;updateURL&quot;:null,&quot;updateKey&quot;:null,&quot;optionsURL&quot;:null,&quot;optionsType&quot;:null,&quot;aboutURL&quot;:null,&quot;icons&quot;:{&quot;32&quot;:&quot;icon.png&quot;,&quot;48&quot;:&quot;icon.png&quot;},&quot;iconURL&quot;:null,&quot;icon64URL&quot;:null,&quot;defaultLocale&quot;:{&quot;name&quot;:&quot;Norton Identity Safe&quot;,&quot;description&quot;:&quot;Norton Identity Safe Addon for Firefox&quot;,&quot;creator&quot;:&quot;Symantec Corporation&quot;,&quot;homepageURL&quot;:null},&quot;visible&quot;:true,&quot;active&quot;:false,&quot;userDisabled&quot;:true,&quot;appDisabled&quot;:false,&quot;descriptor&quot;:&quot;C:\\ProgramData\\Norton\\{0C55C096-0F1D-4F28-AAA2-85EF591126E7}\\NIS_22.5.2.15\\coFFAddon&quot;,&quot;installDate&quot;:1454762207238,&quot;updateDate&quot;:1454762207238,&quot;applyBackgroundUpdates&quot;:1,&quot;bootstrap&quot;:true,&quot;size&quot;:2178628,&quot;sourceURI&quot;:null,&quot;releaseNotesURI&quot;:null,&quot;softDisabled&quot;:false,&quot;foreignInstall&quot;:true,&quot;hasBinaryComponents&quot;:false,&quot;strictCompatibility&quot;:false,&quot;locales&quot;:[],&quot;targetApplications&quot;:[{&quot;id&quot;:&quot;{ec8030f7-c20a-464f-9b0e-13a3a9e97384}&quot;,&quot;minVersion&quot;:&quot;38.0a1&quot;,&quot;maxVersion&quot;:&quot;43.0&quot;}],&quot;targetPlatforms&quot;:[],&quot;multiprocessCompatible&quot;:false,&quot;signedState&quot;:2}
1454767722972	DeferredSave.extensions.json	DEBUG	Save changes
1454767722972	addons.xpi	DEBUG	Updating database with changes to installed add-ons
1454767722972	addons.xpi-utils	DEBUG	Updating add-on states
1454767722973	addons.xpi-utils	DEBUG	Writing add-ons list
1454767722976	addons.manager	DEBUG	Registering shutdown blocker for XPIProvider
1454767722976	addons.manager	DEBUG	Provider finished startup: XPIProvider
1454767722976	addons.manager	DEBUG	Starting provider: LightweightThemeManager
1454767722976	addons.manager	DEBUG	Registering shutdown blocker for LightweightThemeManager
1454767722976	addons.manager	DEBUG	Provider finished startup: LightweightThemeManager
1454767722977	addons.manager	DEBUG	Starting provider: GMPProvider
1454767722980	addons.manager	DEBUG	Registering shutdown blocker for GMPProvider
1454767722980	addons.manager	DEBUG	Provider finished startup: GMPProvider
1454767722980	addons.manager	DEBUG	Starting provider: PluginProvider
1454767722981	addons.manager	DEBUG	Registering shutdown blocker for PluginProvider
1454767722981	addons.manager	DEBUG	Provider finished startup: PluginProvider
1454767722981	addons.manager	DEBUG	Completed startup sequence
1454767723198	addons.manager	DEBUG	Starting provider: &lt;unnamed-provider&gt;
1454767723198	addons.manager	DEBUG	Registering shutdown blocker for &lt;unnamed-provider&gt;
1454767723198	addons.manager	DEBUG	Provider finished startup: &lt;unnamed-provider&gt;
1454767723368	DeferredSave.extensions.json	DEBUG	Starting timer
1454767723396	DeferredSave.extensions.json	DEBUG	Starting write
1454767723462	addons.repository	DEBUG	No addons.json found.
1454767723463	DeferredSave.addons.json	DEBUG	Save changes
1454767723464	DeferredSave.addons.json	DEBUG	Starting timer
1454767723473	addons.manager	DEBUG	Starting provider: PreviousExperimentProvider
1454767723473	addons.manager	DEBUG	Registering shutdown blocker for PreviousExperimentProvider
1454767723473	addons.manager	DEBUG	Provider finished startup: PreviousExperimentProvider
1454767723484	DeferredSave.extensions.json	DEBUG	Write succeeded
1454767723524	DeferredSave.addons.json	DEBUG	Starting write
1454767723532	DeferredSave.addons.json	DEBUG	Write succeeded

Build info: version: &#039;2.46.0&#039;, revision: &#039;61506a4624b13675f24581e453592342b7485d71&#039;, time: &#039;2015-06-04 10:22:50&#039;
System info: host: &#039;btohome&#039;, ip: &#039;192.168.178.20&#039;, os.name: &#039;Windows 8.1&#039;, os.arch: &#039;amd64&#039;, os.version: &#039;6.3&#039;, java.version: &#039;1.8.0_73&#039;
Driver info: driver.version: FirefoxDriver">
      <![CDATA[org.openqa.selenium.WebDriverException: Failed to connect to binary FirefoxBinary(C:\Program Files (x86)\Mozilla Firefox\firefox.exe) on port 7055; process output follows: 
":{"name":"FiddlerHook","description":"Integrate Fiddler into Firefox","creator":"Telerik","homepageURL":"https://fiddler2.com/r/?FIDDLERHOOKHELP"},"visible":true,"active":false,"userDisabled":true,"appDisabled":true,"descriptor":"C:\\Program Files (x86)\\Fiddler2\\FiddlerHook","installDate":1429966392089,"updateDate":1429966392089,"applyBackgroundUpdates":1,"bootstrap":false,"size":33877,"sourceURI":null,"releaseNotesURI":null,"softDisabled":false,"foreignInstall":true,"hasBinaryComponents":false,"strictCompatibility":false,"locales":[],"targetApplications":[{"id":"{ec8030f7-c20a-464f-9b0e-13a3a9e97384}","minVersion":"4.0","maxVersion":"37.*"}],"targetPlatforms":[],"multiprocessCompatible":false,"signedState":0}
1454767722972	addons.xpi	DEBUG	Updating XPIState for {"id":"{C1A2A613-35F1-4FCF-B27F-2840527B6556}","syncGUID":"mzMMZIQyCrK6","location":"winreg-app-global","version":"2016.5.6.90","type":"extension","internalName":null,"updateURL":null,"updateKey":null,"optionsURL":null,"optionsType":null,"aboutURL":null,"icons":{"32":"icon.png","48":"icon.png"},"iconURL":null,"icon64URL":null,"defaultLocale":{"name":"Norton Identity Safe","description":"Norton Identity Safe Addon for Firefox","creator":"Symantec Corporation","homepageURL":null},"visible":true,"active":false,"userDisabled":true,"appDisabled":false,"descriptor":"C:\\ProgramData\\Norton\\{0C55C096-0F1D-4F28-AAA2-85EF591126E7}\\NIS_22.5.2.15\\coFFAddon","installDate":1454762207238,"updateDate":1454762207238,"applyBackgroundUpdates":1,"bootstrap":true,"size":2178628,"sourceURI":null,"releaseNotesURI":null,"softDisabled":false,"foreignInstall":true,"hasBinaryComponents":false,"strictCompatibility":false,"locales":[],"targetApplications":[{"id":"{ec8030f7-c20a-464f-9b0e-13a3a9e97384}","minVersion":"38.0a1","maxVersion":"43.0"}],"targetPlatforms":[],"multiprocessCompatible":false,"signedState":2}
1454767722972	DeferredSave.extensions.json	DEBUG	Save changes
1454767722972	addons.xpi	DEBUG	Updating database with changes to installed add-ons
1454767722972	addons.xpi-utils	DEBUG	Updating add-on states
1454767722973	addons.xpi-utils	DEBUG	Writing add-ons list
1454767722976	addons.manager	DEBUG	Registering shutdown blocker for XPIProvider
1454767722976	addons.manager	DEBUG	Provider finished startup: XPIProvider
1454767722976	addons.manager	DEBUG	Starting provider: LightweightThemeManager
1454767722976	addons.manager	DEBUG	Registering shutdown blocker for LightweightThemeManager
1454767722976	addons.manager	DEBUG	Provider finished startup: LightweightThemeManager
1454767722977	addons.manager	DEBUG	Starting provider: GMPProvider
1454767722980	addons.manager	DEBUG	Registering shutdown blocker for GMPProvider
1454767722980	addons.manager	DEBUG	Provider finished startup: GMPProvider
1454767722980	addons.manager	DEBUG	Starting provider: PluginProvider
1454767722981	addons.manager	DEBUG	Registering shutdown blocker for PluginProvider
1454767722981	addons.manager	DEBUG	Provider finished startup: PluginProvider
1454767722981	addons.manager	DEBUG	Completed startup sequence
1454767723198	addons.manager	DEBUG	Starting provider: <unnamed-provider>
1454767723198	addons.manager	DEBUG	Registering shutdown blocker for <unnamed-provider>
1454767723198	addons.manager	DEBUG	Provider finished startup: <unnamed-provider>
1454767723368	DeferredSave.extensions.json	DEBUG	Starting timer
1454767723396	DeferredSave.extensions.json	DEBUG	Starting write
1454767723462	addons.repository	DEBUG	No addons.json found.
1454767723463	DeferredSave.addons.json	DEBUG	Save changes
1454767723464	DeferredSave.addons.json	DEBUG	Starting timer
1454767723473	addons.manager	DEBUG	Starting provider: PreviousExperimentProvider
1454767723473	addons.manager	DEBUG	Registering shutdown blocker for PreviousExperimentProvider
1454767723473	addons.manager	DEBUG	Provider finished startup: PreviousExperimentProvider
1454767723484	DeferredSave.extensions.json	DEBUG	Write succeeded
1454767723524	DeferredSave.addons.json	DEBUG	Starting write
1454767723532	DeferredSave.addons.json	DEBUG	Write succeeded

Build info: version: '2.46.0', revision: '61506a4624b13675f24581e453592342b7485d71', time: '2015-06-04 10:22:50'
System info: host: 'btohome', ip: '192.168.178.20', os.name: 'Windows 8.1', os.arch: 'amd64', os.version: '6.3', java.version: '1.8.0_73'
Driver info: driver.version: FirefoxDriver
	at org.openqa.selenium.firefox.internal.NewProfileExtensionConnection.start(NewProfileExtensionConnection.java:132)
	at org.openqa.selenium.firefox.FirefoxDriver.startClient(FirefoxDriver.java:275)
	at org.openqa.selenium.remote.RemoteWebDriver.<init>(RemoteWebDriver.java:116)
	at org.openqa.selenium.firefox.FirefoxDriver.<init>(FirefoxDriver.java:220)
	at org.openqa.selenium.firefox.FirefoxDriver.<init>(FirefoxDriver.java:215)
	at org.openqa.selenium.firefox.FirefoxDriver.<init>(FirefoxDriver.java:132)
	at ru.stqa.selenium.factory.WebDriverFactoryInternal.createLocalDriver(WebDriverFactoryInternal.java:74)
	at ru.stqa.selenium.factory.WebDriverFactoryInternal.newDriver(WebDriverFactoryInternal.java:58)
	at ru.stqa.selenium.factory.ThreadLocalSingletonStorage.createNewDriver(ThreadLocalSingletonStorage.java:91)
	at ru.stqa.selenium.factory.ThreadLocalSingletonStorage.getDriver(ThreadLocalSingletonStorage.java:36)
	at ru.stqa.selenium.factory.WebDriverFactoryInternal.getDriver(WebDriverFactoryInternal.java:49)
	at ru.stqa.selenium.factory.WebDriverFactory.getDriver(WebDriverFactory.java:39)
	at dlbi_selenium.TestBase.init(TestBase.java:42)
	at sun.reflect.NativeMethodAccessorImpl.invoke0(Native Method)
	at sun.reflect.NativeMethodAccessorImpl.invoke(NativeMethodAccessorImpl.java:62)
	at sun.reflect.DelegatingMethodAccessorImpl.invoke(DelegatingMethodAccessorImpl.java:43)
	at java.lang.reflect.Method.invoke(Method.java:497)
	at org.testng.internal.MethodInvocationHelper.invokeMethod(MethodInvocationHelper.java:85)
	at org.testng.internal.Invoker.invokeConfigurationMethod(Invoker.java:517)
	at org.testng.internal.Invoker.invokeConfigurations(Invoker.java:213)
	at org.testng.internal.Invoker.invokeConfigurations(Invoker.java:140)
	at org.testng.internal.TestMethodWorker.invokeBeforeClassMethods(TestMethodWorker.java:170)
	at org.testng.internal.TestMethodWorker.run(TestMethodWorker.java:104)
	at org.testng.TestRunner.privateRun(TestRunner.java:771)
	at org.testng.TestRunner.run(TestRunner.java:621)
	at org.testng.SuiteRunner.runTest(SuiteRunner.java:357)
	at org.testng.SuiteRunner.runSequentially(SuiteRunner.java:352)
	at org.testng.SuiteRunner.privateRun(SuiteRunner.java:310)
	at org.testng.SuiteRunner.run(SuiteRunner.java:259)
	at org.testng.SuiteRunnerWorker.runSuite(SuiteRunnerWorker.java:52)
	at org.testng.SuiteRunnerWorker.run(SuiteRunnerWorker.java:86)
	at org.testng.TestNG.runSuitesSequentially(TestNG.java:1199)
	at org.testng.TestNG.runSuitesLocally(TestNG.java:1124)
	at org.testng.TestNG.run(TestNG.java:1032)
	at org.apache.maven.surefire.testng.TestNGExecutor.run(TestNGExecutor.java:217)
	at org.apache.maven.surefire.testng.TestNGXmlTestSuite.execute(TestNGXmlTestSuite.java:84)
	at org.apache.maven.surefire.testng.TestNGProvider.invoke(TestNGProvider.java:92)
	at org.apache.maven.surefire.booter.ForkedBooter.invokeProviderInSameClassLoader(ForkedBooter.java:200)
	at org.apache.maven.surefire.booter.ForkedBooter.runSuitesInProcess(ForkedBooter.java:153)
	at org.apache.maven.surefire.booter.ForkedBooter.main(ForkedBooter.java:103)
Caused by: org.openqa.selenium.firefox.NotConnectedException: Unable to connect to host 127.0.0.1 on port 7055 after 45000 ms. Firefox console output:
":{"name":"FiddlerHook","description":"Integrate Fiddler into Firefox","creator":"Telerik","homepageURL":"https://fiddler2.com/r/?FIDDLERHOOKHELP"},"visible":true,"active":false,"userDisabled":true,"appDisabled":true,"descriptor":"C:\\Program Files (x86)\\Fiddler2\\FiddlerHook","installDate":1429966392089,"updateDate":1429966392089,"applyBackgroundUpdates":1,"bootstrap":false,"size":33877,"sourceURI":null,"releaseNotesURI":null,"softDisabled":false,"foreignInstall":true,"hasBinaryComponents":false,"strictCompatibility":false,"locales":[],"targetApplications":[{"id":"{ec8030f7-c20a-464f-9b0e-13a3a9e97384}","minVersion":"4.0","maxVersion":"37.*"}],"targetPlatforms":[],"multiprocessCompatible":false,"signedState":0}
1454767722972	addons.xpi	DEBUG	Updating XPIState for {"id":"{C1A2A613-35F1-4FCF-B27F-2840527B6556}","syncGUID":"mzMMZIQyCrK6","location":"winreg-app-global","version":"2016.5.6.90","type":"extension","internalName":null,"updateURL":null,"updateKey":null,"optionsURL":null,"optionsType":null,"aboutURL":null,"icons":{"32":"icon.png","48":"icon.png"},"iconURL":null,"icon64URL":null,"defaultLocale":{"name":"Norton Identity Safe","description":"Norton Identity Safe Addon for Firefox","creator":"Symantec Corporation","homepageURL":null},"visible":true,"active":false,"userDisabled":true,"appDisabled":false,"descriptor":"C:\\ProgramData\\Norton\\{0C55C096-0F1D-4F28-AAA2-85EF591126E7}\\NIS_22.5.2.15\\coFFAddon","installDate":1454762207238,"updateDate":1454762207238,"applyBackgroundUpdates":1,"bootstrap":true,"size":2178628,"sourceURI":null,"releaseNotesURI":null,"softDisabled":false,"foreignInstall":true,"hasBinaryComponents":false,"strictCompatibility":false,"locales":[],"targetApplications":[{"id":"{ec8030f7-c20a-464f-9b0e-13a3a9e97384}","minVersion":"38.0a1","maxVersion":"43.0"}],"targetPlatforms":[],"multiprocessCompatible":false,"signedState":2}
1454767722972	DeferredSave.extensions.json	DEBUG	Save changes
1454767722972	addons.xpi	DEBUG	Updating database with changes to installed add-ons
1454767722972	addons.xpi-utils	DEBUG	Updating add-on states
1454767722973	addons.xpi-utils	DEBUG	Writing add-ons list
1454767722976	addons.manager	DEBUG	Registering shutdown blocker for XPIProvider
1454767722976	addons.manager	DEBUG	Provider finished startup: XPIProvider
1454767722976	addons.manager	DEBUG	Starting provider: LightweightThemeManager
1454767722976	addons.manager	DEBUG	Registering shutdown blocker for LightweightThemeManager
1454767722976	addons.manager	DEBUG	Provider finished startup: LightweightThemeManager
1454767722977	addons.manager	DEBUG	Starting provider: GMPProvider
1454767722980	addons.manager	DEBUG	Registering shutdown blocker for GMPProvider
1454767722980	addons.manager	DEBUG	Provider finished startup: GMPProvider
1454767722980	addons.manager	DEBUG	Starting provider: PluginProvider
1454767722981	addons.manager	DEBUG	Registering shutdown blocker for PluginProvider
1454767722981	addons.manager	DEBUG	Provider finished startup: PluginProvider
1454767722981	addons.manager	DEBUG	Completed startup sequence
1454767723198	addons.manager	DEBUG	Starting provider: <unnamed-provider>
1454767723198	addons.manager	DEBUG	Registering shutdown blocker for <unnamed-provider>
1454767723198	addons.manager	DEBUG	Provider finished startup: <unnamed-provider>
1454767723368	DeferredSave.extensions.json	DEBUG	Starting timer
1454767723396	DeferredSave.extensions.json	DEBUG	Starting write
1454767723462	addons.repository	DEBUG	No addons.json found.
1454767723463	DeferredSave.addons.json	DEBUG	Save changes
1454767723464	DeferredSave.addons.json	DEBUG	Starting timer
1454767723473	addons.manager	DEBUG	Starting provider: PreviousExperimentProvider
1454767723473	addons.manager	DEBUG	Registering shutdown blocker for PreviousExperimentProvider
1454767723473	addons.manager	DEBUG	Provider finished startup: PreviousExperimentProvider
1454767723484	DeferredSave.extensions.json	DEBUG	Write succeeded
1454767723524	DeferredSave.addons.json	DEBUG	Starting write
1454767723532	DeferredSave.addons.json	DEBUG	Write succeeded

	at org.openqa.selenium.firefox.internal.NewProfileExtensionConnection.start(NewProfileExtensionConnection.java:120)
	... 39 more
]]>
    </error>
  </testcase> <!-- testH1Existing -->
</testsuite> <!-- dlbi_selenium.HomePageTest -->
